0 info it worked if it ends with ok
1 verbose cli [ 'C:\\Program Files\\nodejs\\node.exe',
1 verbose cli   'C:\\Program Files\\nodejs\\node_modules\\npm\\bin\\npm-cli.js',
1 verbose cli   'publish' ]
2 info using npm@4.0.3
3 info using node@v7.1.0
4 verbose publish [ '.' ]
5 silly cache add args [ '.', null ]
6 verbose cache add spec .
7 silly cache add parsed spec Result {
7 silly cache add   raw: '.',
7 silly cache add   scope: null,
7 silly cache add   escapedName: null,
7 silly cache add   name: null,
7 silly cache add   rawSpec: '.',
7 silly cache add   spec: 'C:\\Users\\chiko-pc\\Development\\git.depot\\ssv-core',
7 silly cache add   type: 'directory' }
8 verbose addLocalDirectory C:\Users\chiko-pc\AppData\Roaming\npm-cache\@ssv\core\0.3.2\package.tgz not in flight; packing
9 verbose correctMkdir C:\Users\chiko-pc\AppData\Roaming\npm-cache correctMkdir not in flight; initializing
10 info lifecycle @ssv/core@0.3.2~prepublish: @ssv/core@0.3.2
11 silly lifecycle @ssv/core@0.3.2~prepublish: no script for prepublish, continuing
12 info lifecycle @ssv/core@0.3.2~prepare: @ssv/core@0.3.2
13 silly lifecycle @ssv/core@0.3.2~prepare: no script for prepare, continuing
14 verbose tar pack [ 'C:\\Users\\chiko-pc\\AppData\\Roaming\\npm-cache\\@ssv\\core\\0.3.2\\package.tgz',
14 verbose tar pack   'C:\\Users\\chiko-pc\\Development\\git.depot\\ssv-core' ]
15 verbose tarball C:\Users\chiko-pc\AppData\Roaming\npm-cache\@ssv\core\0.3.2\package.tgz
16 verbose folder C:\Users\chiko-pc\Development\git.depot\ssv-core
17 verbose addLocalTarball adding from inside cache C:\Users\chiko-pc\AppData\Roaming\npm-cache\@ssv\core\0.3.2\package.tgz
18 verbose correctMkdir C:\Users\chiko-pc\AppData\Roaming\npm-cache correctMkdir not in flight; initializing
19 silly cache afterAdd @ssv/core@0.3.2
20 verbose afterAdd C:\Users\chiko-pc\AppData\Roaming\npm-cache\@ssv\core\0.3.2\package\package.json not in flight; writing
21 verbose correctMkdir C:\Users\chiko-pc\AppData\Roaming\npm-cache correctMkdir not in flight; initializing
22 verbose afterAdd C:\Users\chiko-pc\AppData\Roaming\npm-cache\@ssv\core\0.3.2\package\package.json written
23 silly publish { name: '@ssv/core',
23 silly publish   version: '0.3.2',
23 silly publish   description: 'ssv core components, utilities and services',
23 silly publish   keywords: [ 'sketch7', 'core', 'utils' ],
23 silly publish   scripts:
23 silly publish    { test: 'gulp test',
23 silly publish      lint: 'gulp lint',
23 silly publish      build: 'gulp build',
23 silly publish      bundle: 'rollup -c rollup.config.js',
23 silly publish      'magic-publish': 'git checkout master && git pull && git merge develop && git push && gulp publish --rel --bump minor && git checkout develop && git merge master && git push' },
23 silly publish   author:
23 silly publish    { name: 'Stephen Lautier',
23 silly publish      email: 'stephen.lautier@outlook.com' },
23 silly publish   license: 'MIT',
23 silly publish   main: 'dist/bundles/ssv-core.umd.js',
23 silly publish   module: 'dist/es2015/index.js',
23 silly publish   typings: 'dist/es2015/index.d.ts',
23 silly publish   repository:
23 silly publish    { type: 'git',
23 silly publish      url: 'git+https://github.com/sketch7/ssv-core.git' },
23 silly publish   devDependencies:
23 silly publish    { '@ssv/tools': '^0.3.0',
23 silly publish      '@types/jasmine': '^2.5.37',
23 silly publish      '@types/lodash': '^4.14.38',
23 silly publish      del: '^2.2.2',
23 silly publish      gulp: '^3.9.1',
23 silly publish      'gulp-bump': '^2.1.0',
23 silly publish      'gulp-conventional-changelog': '^1.1.0',
23 silly publish      'gulp-git': '^1.12.0',
23 silly publish      'gulp-plumber': '^1.1.0',
23 silly publish      'gulp-sourcemaps': '^2.2.0',
23 silly publish      'gulp-tslint': '^7.0.0',
23 silly publish      'gulp-tslint-stylish': '^1.1.1',
23 silly publish      'gulp-typescript': '^3.1.2',
23 silly publish      'gulp-util': '^3.0.7',
23 silly publish      'jasmine-core': '^2.5.2',
23 silly publish      karma: '^1.3.0',
23 silly publish      'karma-appveyor-reporter': '^0.3.0',
23 silly publish      'karma-chrome-launcher': '^2.0.0',
23 silly publish      'karma-jasmine': '^1.0.2',
23 silly publish      'karma-mocha-reporter': '^2.2.0',
23 silly publish      'karma-typescript-preprocessor': '^0.3.0',
23 silly publish      lodash: '^4.17.2',
23 silly publish      merge2: '^1.0.2',
23 silly publish      'require-dir': '^0.3.1',
23 silly publish      'run-sequence': '^1.2.2',
23 silly publish      systemjs: '^0.19.41',
23 silly publish      tslint: '^4.0.0',
23 silly publish      typescript: '^2.0.9',
23 silly publish      yargs: '^6.3.0' },
23 silly publish   dependencies: {},
23 silly publish   peerDependencies: { lodash: '^4.0.0' },
23 silly publish   readme: '[projectUri]: https://github.com/sketch7/ssv-core\r\n[projectGit]: https://github.com/sketch7/ssv-core.git\r\n[changeLog]: ./doc/CHANGELOG.md\r\n\r\n[contribWiki]: ./doc/CONTRIBUTION.md\r\n[releaseWorkflowWiki]: ./doc/RELEASE-WORKFLOW.md\r\n\r\n[npm]: https://www.npmjs.com\r\n\r\n# ssv-core\r\n[![Build status](https://ci.appveyor.com/api/projects/status/2e0an5hvxtfs08mf?svg=true)](https://ci.appveyor.com/project/chiko/ssv-core)\r\n[![Build status](https://ci.appveyor.com/api/projects/status/2e0an5hvxtfs08mf/branch/master?svg=true)](https://ci.appveyor.com/project/chiko/ssv-core/branch/master)\r\n[![bitHound Overall Score](https://www.bithound.io/github/sketch7/ssv-core/badges/score.svg)](https://www.bithound.io/github/sketch7/ssv-core)\r\n[![npm version](https://badge.fury.io/js/ssv-core.svg)](https://badge.fury.io/js/ssv-core)\r\n\r\nssv core components, utilities and services\r\n\r\nIn order to contribute please read the [Contribution guidelines][contribWiki].\r\n\r\n**Quick links**\r\n\r\n[Change logs][changeLog] | [Project Repository][projectUri] | [Contribution guidelines][contribWiki]\r\n\r\n# Installation\r\n\r\nGet library via [npm]\r\n```bash\r\nnpm install @ssv/core --save\r\n```\r\n\r\n# Usage\r\n\r\n```ts\r\nimport { string } from "ssv-core";\r\n\r\nlet name = string.interpolate("name=:name", { name: "Chiko" });\r\n```\r\n\r\n\r\n# Getting Started\r\n\r\n## Setup Machine for Development\r\nInstall/setup the following:\r\n\r\n- NodeJS v6+\r\n- Visual Studio Code or similar code editor\r\n- TypeScript 2.0+\r\n- Git + SourceTree, SmartGit or similar (optional)\r\n- Ensure to install **global NPM modules** using the following:\r\n\r\n\r\n```bash\r\nnpm install -g git gulp karma-cli\r\n```\r\n\r\n\r\n### Cloning Repo\r\n\r\n- Run `git clone https://github.com/sketch7/ssv-core.git`\r\n- Switch to `develop` branch\r\n\r\n\r\n## Project Setup\r\nThe following process need to be executed in order to get started.\r\n\r\n```bash\r\nnpm install\r\n```\r\n\r\n\r\n## Building the code\r\n\r\n```\r\ngulp build\r\n```\r\nIn order to view all other tasks invoke `gulp` or check the gulp tasks directly.\r\n\r\n## Running the tests\r\n\r\n```\r\ngulp test\r\n```\r\n\r\n\r\n## Development utils\r\n\r\n### Trigger gulp watch\r\nHandles compiling of changes.\r\n```\r\ngulp watch\r\n```\r\n\r\n\r\n### Running Continuous Tests\r\nSpawns test runner and keep watching for changes.\r\n```\r\ngulp tdd\r\n```\r\n\r\n\r\n## Preparation for Release\r\n\r\n```\r\ngulp prepare-release --bump major|minor|patch|prerelease (default: patch)\r\n```\r\nCheck out the [release workflow guide][releaseWorkflowWiki] in order to guide you creating a release and publishing it.',
23 silly publish   readmeFilename: 'README.md',
23 silly publish   gitHead: '7e1265e94cb8c03714f2a89d9e44468d9a185147',
23 silly publish   bugs: { url: 'https://github.com/sketch7/ssv-core/issues' },
23 silly publish   homepage: 'https://github.com/sketch7/ssv-core#readme',
23 silly publish   _id: '@ssv/core@0.3.2',
23 silly publish   _shasum: '28dd3a65e802703c8b92dad4d5b61e979f431a37',
23 silly publish   _from: '.' }
24 info lifecycle @ssv/core@0.3.2~prepublishOnly: @ssv/core@0.3.2
25 silly lifecycle @ssv/core@0.3.2~prepublishOnly: no script for prepublishOnly, continuing
26 verbose getPublishConfig undefined
27 silly mapToRegistry name @ssv/core
28 silly mapToRegistry scope (from package name) @ssv
29 verbose mapToRegistry no registry URL found in name for scope @ssv
30 silly mapToRegistry using default registry
31 silly mapToRegistry registry https://registry.npmjs.org/
32 silly mapToRegistry data Result {
32 silly mapToRegistry   raw: '@ssv/core',
32 silly mapToRegistry   scope: '@ssv',
32 silly mapToRegistry   escapedName: '@ssv%2fcore',
32 silly mapToRegistry   name: '@ssv/core',
32 silly mapToRegistry   rawSpec: '',
32 silly mapToRegistry   spec: 'latest',
32 silly mapToRegistry   type: 'tag' }
33 silly mapToRegistry uri https://registry.npmjs.org/@ssv%2fcore
34 verbose publish registryBase https://registry.npmjs.org/
35 silly publish uploading C:\Users\chiko-pc\AppData\Roaming\npm-cache\@ssv\core\0.3.2\package.tgz
36 verbose request uri https://registry.npmjs.org/@ssv%2fcore
37 verbose request sending authorization for write operation
38 info attempt registry request try #1 at 1:17:20 AM
39 verbose request using bearer token for auth
40 verbose request id 3e2ed0c3bdd2f4dc
41 http request PUT https://registry.npmjs.org/@ssv%2fcore
42 http 403 https://registry.npmjs.org/@ssv%2fcore
43 verbose headers { 'content-type': 'application/json',
43 verbose headers   'cache-control': 'max-age=0',
43 verbose headers   'content-length': '95',
43 verbose headers   'accept-ranges': 'bytes',
43 verbose headers   date: 'Wed, 14 Dec 2016 00:17:24 GMT',
43 verbose headers   via: '1.1 varnish',
43 verbose headers   connection: 'keep-alive',
43 verbose headers   'x-served-by': 'cache-hhn1537-HHN',
43 verbose headers   'x-cache': 'MISS',
43 verbose headers   'x-cache-hits': '0',
43 verbose headers   'x-timer': 'S1481674643.055536,VS0,VE1430' }
44 verbose request invalidating C:\Users\chiko-pc\AppData\Roaming\npm-cache\registry.npmjs.org\_40ssv_252fcore on PUT
45 error publish Failed PUT 403
46 verbose stack Error: "You cannot publish over the previously published version 0.3.2." : @ssv/core
46 verbose stack     at makeError (C:\Program Files\nodejs\node_modules\npm\node_modules\npm-registry-client\lib\request.js:302:12)
46 verbose stack     at CachingRegistryClient.<anonymous> (C:\Program Files\nodejs\node_modules\npm\node_modules\npm-registry-client\lib\request.js:290:14)
46 verbose stack     at Request._callback (C:\Program Files\nodejs\node_modules\npm\node_modules\npm-registry-client\lib\request.js:210:14)
46 verbose stack     at Request.self.callback (C:\Program Files\nodejs\node_modules\npm\node_modules\request\request.js:186:22)
46 verbose stack     at emitTwo (events.js:106:13)
46 verbose stack     at Request.emit (events.js:191:7)
46 verbose stack     at Request.<anonymous> (C:\Program Files\nodejs\node_modules\npm\node_modules\request\request.js:1081:10)
46 verbose stack     at emitOne (events.js:96:13)
46 verbose stack     at Request.emit (events.js:188:7)
46 verbose stack     at IncomingMessage.<anonymous> (C:\Program Files\nodejs\node_modules\npm\node_modules\request\request.js:1001:12)
47 verbose statusCode 403
48 verbose pkgid @ssv/core
49 verbose cwd C:\Users\chiko-pc\Development\git.depot\ssv-core
50 error Windows_NT 10.0.10586
51 error argv "C:\\Program Files\\nodejs\\node.exe" "C:\\Program Files\\nodejs\\node_modules\\npm\\bin\\npm-cli.js" "publish"
52 error node v7.1.0
53 error npm  v4.0.3
54 error code E403
55 error "You cannot publish over the previously published version 0.3.2." : @ssv/core
56 error If you need help, you may report this error at:
56 error     <https://github.com/npm/npm/issues>
57 verbose exit [ 1, true ]
